Start testing: Apr 02 17:45 EDT
----------------------------------------------------------
1/1 Testing: ProjectTests
1/1 Test: ProjectTests
Command: "/home/lyes/Desktop/Project/build/test/ProjectTests"
Directory: /home/lyes/Desktop/Project/build/test
"ProjectTests" start time: Apr 02 17:45 EDT
Output:
----------------------------------------------------------
Running main() from /home/lyes/Desktop/Project/googletest/googletest/src/gtest_main.cc
[==========] Running 1 test from 1 test suite.
[----------] Global test environment set-up.
[----------] 1 test from ProjectTests
[ RUN      ] ProjectTests.DemonstrateGTestMacros
[       OK ] ProjectTests.DemonstrateGTestMacros (0 ms)
[----------] 1 test from ProjectTests (0 ms total)

[----------] Global test environment tear-down
[==========] 1 test from 1 test suite ran. (0 ms total)
[  PASSED  ] 1 test.
<end of output>
Test time =   0.01 sec
----------------------------------------------------------
Test Passed.
"ProjectTests" end time: Apr 02 17:45 EDT
"ProjectTests" time elapsed: 00:00:00
----------------------------------------------------------

End testing: Apr 02 17:45 EDT
